<?xml version="1.0" encoding="UTF-8" ?>
<testsuite tests="7" failures="0" name="org.google.web.controller.UserControllerTest" time="6.376" errors="0" skipped="0">
  <properties>
[...]
</properties>
  <testcase classname="org.google.web.controller.UserControllerTest" name="whenUploadSuccess" time="0.093"/>
  <testcase classname="org.google.web.controller.UserControllerTest" name="whenGetInfoFail" time="0.01"/>
  <testcase classname="org.google.web.controller.UserControllerTest" name="whenQuerySuccess" time="0.051"/>
  <testcase classname="org.google.web.controller.UserControllerTest" name="whenCreateSuccess" time="0.083"/>
  <testcase classname="org.google.web.controller.UserControllerTest" name="whenUpdateSuccess" time="0.017"/>
  <testcase classname="org.google.web.controller.UserControllerTest" name="whenDeleteSuccess" time="0.011"/>
  <testcase classname="org.google.web.controller.UserControllerTest" name="whenGetInfoSuccess" time="0.011"/>
</testsuite>